<?xml version="1.0" encoding="UTF-8"?>
<!-- Generated by org.testng.reporters.JUnitReportReporter -->
<testsuite hostname="DESKTOP-INMQSLF" failures="0" tests="1" name="com.practiseSelenium2.FindBrokenLinks" time="36.480" errors="0" timestamp="2023-01-10T08:33:52 IST" skipped="0">
  <testcase classname="com.practiseSelenium2.FindBrokenLinks" name="findBrokenLinksOnAWebPage" time="36.480"/>
  <system-out/>
</testsuite> <!-- com.practiseSelenium2.FindBrokenLinks -->
