<?xml version="1.0" encoding="UTF-8"?>
<!-- Generated by org.testng.reporters.JUnitReportReporter -->
<testsuite hostname="DESKTOP-INMQSLF" failures="0" tests="3" name="com.practise.practiseSelenium.TestNGTest" time="0.007" errors="0" timestamp="2024-04-22T22:45:59 IST" skipped="0">
  <testcase classname="com.practise.practiseSelenium.TestNGTest" name="m" time="0.000"/>
  <system-out/>
  <testcase classname="com.practise.practiseSelenium.TestNGTest" name="m" time="0.001"/>
  <system-out/>
  <testcase classname="com.practise.practiseSelenium.TestNGTest" name="m" time="0.006"/>
  <system-out/>
</testsuite> <!-- com.practise.practiseSelenium.TestNGTest -->
