<?xml version="1.0" encoding="UTF-8"?>
<!-- Generated by org.testng.reporters.JUnitReportReporter -->
<testsuite hostname="DESKTOP-INMQSLF" failures="0" tests="1" name="com.practiseSelenium2.WritingDataIntoExcel" time="1.316" errors="0" timestamp="2024-06-09T14:05:14 IST" skipped="0">
  <testcase classname="com.practiseSelenium2.WritingDataIntoExcel" name="testExcelWriting" time="1.316"/>
  <system-out/>
</testsuite> <!-- com.practiseSelenium2.WritingDataIntoExcel -->
