<?xml version="1.0" encoding="UTF-8"?>
<!-- Generated by org.testng.reporters.JUnitReportReporter -->
<testsuite hostname="DESKTOP-INMQSLF" failures="0" tests="1" name="com.practiseSelenium2.MaximizingUsingArgumentsInOptions" time="5.974" errors="0" timestamp="2024-04-30T17:49:03 IST" skipped="0">
  <testcase classname="com.practiseSelenium2.MaximizingUsingArgumentsInOptions" name="testing" time="5.974"/>
  <system-out/>
</testsuite> <!-- com.practiseSelenium2.MaximizingUsingArgumentsInOptions -->
