<?xml version="1.0" encoding="UTF-8"?>
<!-- Generated by org.testng.reporters.JUnitReportReporter -->
<testsuite hostname="DESKTOP-INMQSLF" failures="0" tests="2" name="com.practiseSelenium2.TestExcel" time="0.032" errors="0" timestamp="2024-05-18T16:24:16 IST" skipped="0">
  <testcase classname="com.practiseSelenium2.TestExcel" name="test1" time="0.016"/>
  <system-out/>
  <testcase classname="com.practiseSelenium2.TestExcel" name="test1" time="0.016"/>
  <system-out/>
</testsuite> <!-- com.practiseSelenium2.TestExcel -->
