<?xml version="1.0" encoding="UTF-8"?>
<!-- Generated by org.testng.reporters.JUnitReportReporter -->
<testsuite hostname="DESKTOP-INMQSLF" failures="0" tests="1" name="com.practiseSelenium2.TestingSelenium" time="4.763" errors="0" timestamp="2023-01-03T12:59:33 IST" skipped="0">
  <testcase classname="com.practiseSelenium2.TestingSelenium" name="testing" time="4.763"/>
  <system-out/>
</testsuite> <!-- com.practiseSelenium2.TestingSelenium -->
