<?xml version="1.0" encoding="UTF-8"?>
<!-- Generated by org.testng.reporters.JUnitReportReporter -->
<testsuite hostname="DESKTOP-INMQSLF" failures="0" tests="1" name="com.practise.practiseSelenium.TestAutomatingOneCogniUsingTestNG" time="54.140" errors="0" timestamp="2022-12-22T08:08:31 IST" skipped="0">
  <testcase classname="com.practise.practiseSelenium.TestAutomatingOneCogniUsingTestNG" name="testing" time="54.140"/>
  <system-out/>
</testsuite> <!-- com.practise.practiseSelenium.TestAutomatingOneCogniUsingTestNG -->
