<?xml version="1.0" encoding="UTF-8"?>
<!-- Generated by org.testng.reporters.JUnitReportReporter -->
<testsuite hostname="DESKTOP-INMQSLF" failures="0" tests="1" name="com.practiseSelenium2.TestNGGoogleSearchCognizant" time="4.981" errors="0" timestamp="2022-12-25T09:35:28 IST" skipped="0">
  <testcase classname="com.practiseSelenium2.TestNGGoogleSearchCognizant" name="googleSearchCognizant" time="4.981"/>
  <system-out/>
</testsuite> <!-- com.practiseSelenium2.TestNGGoogleSearchCognizant -->
