<?xml version="1.0" encoding="UTF-8"?>
<!-- Generated by org.testng.reporters.JUnitReportReporter -->
<testsuite hostname="DESKTOP-INMQSLF" failures="0" tests="4" name="com.practise.practiseSelenium.DemoFactory" time="0.016" errors="0" timestamp="2024-05-05T22:32:03 IST" skipped="0">
  <testcase classname="com.practise.practiseSelenium.DemoFactory" name="method2" time="0.001"/>
  <system-out/>
  <testcase classname="com.practise.practiseSelenium.DemoFactory" name="method" time="0.013"/>
  <system-out/>
  <testcase classname="com.practise.practiseSelenium.DemoFactory" name="method" time="0.001"/>
  <system-out/>
  <testcase classname="com.practise.practiseSelenium.DemoFactory" name="method2" time="0.001"/>
  <system-out/>
</testsuite> <!-- com.practise.practiseSelenium.DemoFactory -->
