<?xml version="1.0" encoding="UTF-8"?>
<!-- Generated by org.testng.reporters.JUnitReportReporter -->
<testsuite hostname="DESKTOP-INMQSLF" failures="0" tests="1" name="com.practiseSelenium2.MultiWindowAgain" time="10.839" errors="0" timestamp="2023-01-16T08:14:57 IST" skipped="0">
  <testcase classname="com.practiseSelenium2.MultiWindowAgain" name="testingMultipleWindow" time="10.839"/>
  <system-out/>
</testsuite> <!-- com.practiseSelenium2.MultiWindowAgain -->
