<?xml version="1.0" encoding="UTF-8"?>
<!-- Generated by org.testng.reporters.JUnitReportReporter -->
<testsuite hostname="DESKTOP-INMQSLF" failures="0" tests="1" name="com.practiseSelenium2.ChromeExtensions" time="2.067" errors="0" timestamp="2023-01-05T16:54:31 IST" skipped="0">
  <testcase classname="com.practiseSelenium2.ChromeExtensions" name="testing" time="2.067"/>
  <system-out/>
</testsuite> <!-- com.practiseSelenium2.ChromeExtensions -->
