<?xml version="1.0" encoding="UTF-8"?>
<!-- Generated by org.testng.reporters.JUnitReportReporter -->
<testsuite hostname="DESKTOP-INMQSLF" failures="0" tests="1" name="com.practiseSelenium2.MultipleWindow" time="3.156" errors="0" timestamp="2024-04-09T14:03:38 IST" skipped="0">
  <testcase classname="com.practiseSelenium2.MultipleWindow" name="testingMultipleWindows" time="3.156"/>
  <system-out/>
</testsuite> <!-- com.practiseSelenium2.MultipleWindow -->
